<?xml version="1.0" encoding="UTF-8"?>
<!-- Generated by org.testng.reporters.JUnitReportReporter -->
<testsuite hostname="Nikam" failures="0" tests="1" name="PropertyPractice.ActitimeByPropertyFile" time="0.552" errors="0" timestamp="24 Sep 2022 16:37:31 GMT">
  <testcase classname="PropertyPractice.ActitimeByPropertyFile" name="login" time="0.552"/>
</testsuite> <!-- PropertyPractice.ActitimeByPropertyFile -->
