<?xml version="1.0" encoding="UTF-8"?>
<!-- Generated by org.testng.reporters.JUnitReportReporter -->
<testsuite hostname="Nikam" failures="0" tests="1" name="org.UtilityPractice.Facebook1" time="0.420" errors="0" timestamp="30 Sep 2022 16:23:11 GMT">
  <testcase classname="org.UtilityPractice.Facebook1" name="login" time="0.420"/>
</testsuite> <!-- org.UtilityPractice.Facebook1 -->
