<?xml version="1.0" encoding="UTF-8"?>
<!-- Generated by org.testng.reporters.JUnitReportReporter -->
<testsuite hostname="DESKTOP-LLLGMOJ" failures="0" tests="1" name="testscripts.TestLoginPage" time="11.842" errors="0" timestamp="2022-09-19T20:56:13 IST" skipped="0">
  <testcase classname="testscripts.TestLoginPage" name="testVtigerLogin" time="11.842"/>
  <system-out/>
</testsuite> <!-- testscripts.TestLoginPage -->
