<?xml version="1.0" encoding="UTF-8"?>
<!-- Generated by org.testng.reporters.JUnitReportReporter -->
<testsuite hostname="Nikam" failures="0" tests="2" name="org.VtigerPOM.RunVtiger" time="4.122" errors="0" timestamp="24 Sep 2022 08:32:42 GMT">
  <testcase classname="org.VtigerPOM.RunVtiger" name="selectContact" time="1.445"/>
  <testcase classname="org.VtigerPOM.RunVtiger" name="login" time="2.677"/>
</testsuite> <!-- org.VtigerPOM.RunVtiger -->
