<?xml version="1.0" encoding="UTF-8"?>
<!-- Generated by org.testng.reporters.JUnitReportReporter -->
<testsuite hostname="DESKTOP-LLLGMOJ" failures="0" tests="1" name="testscripts.TestLeadsPage" time="5.617" errors="0" timestamp="2022-09-19T21:03:03 IST" skipped="0">
  <testcase classname="testscripts.TestLeadsPage" name="testLeadCreation" time="5.617"/>
  <system-out/>
</testsuite> <!-- testscripts.TestLeadsPage -->
