<?xml version="1.0" encoding="UTF-8"?>
<!-- Generated by org.testng.reporters.JUnitReportReporter -->
<testsuite hostname="Nikam" failures="0" tests="1" name="org.POMPractice.VtigerAssignment" time="11.161" errors="0" timestamp="19 Sep 2022 18:19:47 GMT" skipped="0">
  <testcase classname="org.POMPractice.VtigerAssignment" name="suggestions" time="11.161"/>
</testsuite> <!-- org.POMPractice.VtigerAssignment -->
